Build started 06/01/2018 14:39:21.
     1>Project "C:\Users\User\Documents\GitHub\ADS-COLLISION\Coursework2\Sphere\Sphere.vcxproj" on node 2 (Build target(s)).
     1>C:\Program Files (x86)\MSBuild\Microsoft.Cpp\v4.0\V120\Microsoft.CppBuild.targets(363,5): warning MSB8004: Intermediate Directory does not end with a trailing slash.  This build instance will add the slash as it is required to allow proper evaluation of the Intermediate Directory.
     1>C:\Program Files (x86)\MSBuild\Microsoft.Cpp\v4.0\V120\Microsoft.CppBuild.targets(364,5): warning MSB8004: Output Directory does not end with a trailing slash.  This build instance will add the slash as it is required to allow proper evaluation of the Output Directory.
     1>ClCompile:
         C:\Program Files (x86)\Microsoft Visual Studio 12.0\VC\bin\CL.exe /c /I..\include /ZI /nologo /W3 /WX- /Od /Oy- /D WIN32 /D _DEBUG /D _CONSOLE /D _UNICODE /D UNICODE /Gm /EHsc /RTC1 /MDd /GS /fp:precise /Zc:wchar_t /Zc:forScope /Fo"..\Debug\\" /Fd"..\Debug\vc120.pdb" /Gd /TP /analyze- /errorReport:prompt ..\src\app.cpp ..\src\BlobDemo.cpp ..\src\main.cpp ..\src\particle.cpp ..\src\ParticleCollision.cpp ..\src\pcontacts.cpp ..\src\pworld.cpp
         pworld.cpp
     1>c:\users\user\documents\github\ads-collision\coursework2\src\pworld.cpp(69): warning C4244: 'initializing' : conversion from 'double' to 'float', possible loss of data
         pcontacts.cpp
     1>c:\users\user\documents\github\ads-collision\coursework2\src\pcontacts.cpp(102): warning C4056: overflow in floating-point constant arithmetic
         ParticleCollision.cpp
     1>c:\users\user\documents\github\ads-collision\coursework2\include\particlecollision.h(21): warning C4305: 'initializing' : truncation from 'double' to 'float'
     1>c:\users\user\documents\github\ads-collision\coursework2\src\particlecollision.cpp(153): warning C4018: '<' : signed/unsigned mismatch
     1>c:\users\user\documents\github\ads-collision\coursework2\src\particlecollision.cpp(154): warning C4018: '<' : signed/unsigned mismatch
     1>c:\users\user\documents\github\ads-collision\coursework2\src\particlecollision.cpp(161): warning C4018: '<' : signed/unsigned mismatch
         particle.cpp
     1>c:\users\user\documents\github\ads-collision\coursework2\src\particle.cpp(39): warning C4018: '<' : signed/unsigned mismatch
     1>c:\users\user\documents\github\ads-collision\coursework2\src\particle.cpp(53): warning C4172: returning address of local variable or temporary
     1>c:\users\user\documents\github\ads-collision\coursework2\src\particle.cpp(71): warning C4056: overflow in floating-point constant arithmetic
         main.cpp
         BlobDemo.cpp
     1>c:\users\user\documents\github\ads-collision\coursework2\include\particlecollision.h(21): warning C4305: 'initializing' : truncation from 'double' to 'float'
     1>c:\users\user\documents\github\ads-collision\coursework2\src\blobdemo.cpp(18): warning C4305: 'argument' : truncation from 'double' to 'const float'
     1>c:\users\user\documents\github\ads-collision\coursework2\src\blobdemo.cpp(42): warning C4305: 'initializing' : truncation from 'double' to 'float'
     1>c:\users\user\documents\github\ads-collision\coursework2\src\blobdemo.cpp(163): warning C4305: 'argument' : truncation from 'double' to 'float'
     1>c:\users\user\documents\github\ads-collision\coursework2\src\blobdemo.cpp(169): warning C4305: 'argument' : truncation from 'double' to 'float'
     1>c:\users\user\documents\github\ads-collision\coursework2\src\blobdemo.cpp(175): warning C4305: 'argument' : truncation from 'double' to 'float'
     1>c:\users\user\documents\github\ads-collision\coursework2\src\blobdemo.cpp(257): warning C4305: '+=' : truncation from 'double' to 'float'
         app.cpp
         Generating Code...
     1>c:\users\user\documents\github\ads-collision\coursework2\src\particle.cpp(71): warning C4756: overflow in constant arithmetic
     1>c:\users\user\documents\github\ads-collision\coursework2\src\particle.cpp(71): warning C4756: overflow in constant arithmetic
     1>c:\users\user\documents\github\ads-collision\coursework2\src\pcontacts.cpp(102): warning C4756: overflow in constant arithmetic
     1>c:\users\user\documents\github\ads-collision\coursework2\src\pcontacts.cpp(102): warning C4756: overflow in constant arithmetic
       Link:
         C:\Program Files (x86)\Microsoft Visual Studio 12.0\VC\bin\link.exe /ERRORREPORT:PROMPT /OUT:"..\Debug\Sphere.exe" /INCREMENTAL /NOLOGO /LIBPATH:../lib opengl32.lib glu32.lib glut32.lib kernel32.lib user32.lib gdi32.lib winspool.lib comdlg32.lib advapi32.lib shell32.lib ole32.lib oleaut32.lib uuid.lib odbc32.lib odbccp32.lib kernel32.lib user32.lib gdi32.lib winspool.lib comdlg32.lib advapi32.lib shell32.lib ole32.lib oleaut32.lib uuid.lib odbc32.lib odbccp32.lib /MANIFEST /MANIFESTUAC:"level='asInvoker' uiAccess='false'" /manifest:embed /DEBUG /PDB:"..\Debug\Sphere.pdb" /SUBSYSTEM:CONSOLE /TLBID:1 /DYNAMICBASE /NXCOMPAT /IMPLIB:"..\Debug\Sphere.lib" /MACHINE:X86 ..\Debug\app.obj
         ..\Debug\BlobDemo.obj
         ..\Debug\main.obj
         ..\Debug\particle.obj
         ..\Debug\ParticleCollision.obj
         ..\Debug\pcontacts.obj
         ..\Debug\pworld.obj
         Sphere.vcxproj -> C:\Users\User\Documents\GitHub\ADS-COLLISION\Coursework2\Sphere\..\Debug\Sphere.exe
     1>Done Building Project "C:\Users\User\Documents\GitHub\ADS-COLLISION\Coursework2\Sphere\Sphere.vcxproj" (Build target(s)).

Build succeeded.

Time Elapsed 00:00:05.44
